<?xml version="1.0" encoding="UTF-8"?>
<testng-results ignored="0" total="1" passed="1" failed="0" skipped="0">
  <reporter-output>
  </reporter-output>
  <suite started-at="2021-08-30T19:14:41 AEST" name="Default suite" finished-at="2021-08-30T19:15:52 AEST" duration-ms="70619">
    <groups>
    </groups>
    <test started-at="2021-08-30T19:14:41 AEST" name="Default test" finished-at="2021-08-30T19:15:52 AEST" duration-ms="70619">
      <class name="Testcases.CarBbookPositiveTest">
        <test-method signature="setup()[pri:0, instance:Testcases.CarBbookPositiveTest@57af006c]" started-at="2021-08-30T19:14:41 AEST" name="setup" finished-at="2021-08-30T19:15:52 AEST" duration-ms="70508" status="PASS">
          <reporter-output>
          </reporter-output>
        </test-method> <!-- setup -->
      </class> <!-- Testcases.CarBbookPositiveTest -->
    </test> <!-- Default test -->
  </suite> <!-- Default suite -->
</testng-results>
