<?xml version="1.0" encoding="UTF-8"?>
<testng-results ignored="0" total="1" passed="1" failed="0" skipped="0">
  <reporter-output>
  </reporter-output>
  <suite started-at="2021-08-31T02:30:03 AEST" name="Default suite" finished-at="2021-08-31T02:31:15 AEST" duration-ms="72245">
    <groups>
    </groups>
    <test started-at="2021-08-31T02:30:03 AEST" name="Default test" finished-at="2021-08-31T02:31:15 AEST" duration-ms="72245">
      <class name="Testcases.TC02CarNegative">
        <test-method signature="setup()[pri:0, instance:Testcases.TC02CarNegative@20f5239f]" started-at="2021-08-31T02:30:03 AEST" name="setup" finished-at="2021-08-31T02:31:15 AEST" duration-ms="72008" status="PASS">
          <reporter-output>
          </reporter-output>
        </test-method> <!-- setup -->
      </class> <!-- Testcases.TC02CarNegative -->
    </test> <!-- Default test -->
  </suite> <!-- Default suite -->
</testng-results>
